<?xml version="1.0" encoding="UTF-8"?>
<!-- Generated by org.testng.reporters.JUnitXMLReporter -->
<testsuite ignored="0" hostname="DESKTOP-GOPMUT6" failures="0" tests="8" name="Default test" time="9.792" errors="0" timestamp="2024-11-24T04:04:25 PST">
  <testcase classname="com.apiTesting.test.UserTests" name="testCreateUser" time="2.926"/>
  <testcase classname="com.apiTesting.test.UserTests" name="testCreateUser" time="0.899"/>
  <testcase classname="com.apiTesting.test.UserTests" name="testCreateUser" time="0.882"/>
  <testcase classname="com.apiTesting.test.UserTests" name="testDeleteUser" time="0.963"/>
  <testcase classname="com.apiTesting.test.UserTests" name="testGetUsers" time="0.47"/>
  <testcase classname="com.apiTesting.test.UserTests" name="testLoginUserInvalid" time="1.391"/>
  <testcase classname="com.apiTesting.test.UserTests" name="testLoginUserValid" time="1.09"/>
  <testcase classname="com.apiTesting.test.UserTests" name="testUpdateUser" time="1.098"/>
</testsuite> <!-- Default test -->
