<?xml version="1.0" encoding="UTF-8"?>
<!-- Generated by org.testng.reporters.JUnitXMLReporter -->
<testsuite ignored="0" hostname="DESKTOP-GOPMUT6" failures="0" tests="21" name="API Tests" time="21.955" errors="0" timestamp="2024-11-24T05:33:48 PST">
  <testcase classname="com.apiTesting.GetTests" name="testGetDelayedResponse" time="6.188"/>
  <testcase classname="com.apiTesting.GetTests" name="testGetListOfResources" time="1.091"/>
  <testcase classname="com.apiTesting.GetTests" name="testGetListOfUsers" time="0.944"/>
  <testcase classname="com.apiTesting.GetTests" name="testGetSingleResource" time="0.832"/>
  <testcase classname="com.apiTesting.GetTests" name="testGetSingleUser" time="0.438"/>
  <testcase classname="com.apiTesting.GetTests" name="testGetSingleUserInvalid" time="0.787"/>
  <testcase classname="com.apiTesting.test.ResourceTests" name="testCreateResource" time="1.062"/>
  <testcase classname="com.apiTesting.test.ResourceTests" name="testCreateResource" time="0.738"/>
  <testcase classname="com.apiTesting.test.ResourceTests" name="testCreateResource" time="0.896"/>
  <testcase classname="com.apiTesting.test.ResourceTests" name="testDeleteResource" time="0.747"/>
  <testcase classname="com.apiTesting.test.ResourceTests" name="testGetResources" time="0.758"/>
  <testcase classname="com.apiTesting.test.ResourceTests" name="testGetSingleResource" time="0.436"/>
  <testcase classname="com.apiTesting.test.ResourceTests" name="testUpdateResource" time="0.865"/>
  <testcase classname="com.apiTesting.test.UserTests" name="testCreateUser" time="0.808"/>
  <testcase classname="com.apiTesting.test.UserTests" name="testCreateUser" time="0.822"/>
  <testcase classname="com.apiTesting.test.UserTests" name="testCreateUser" time="0.769"/>
  <testcase classname="com.apiTesting.test.UserTests" name="testDeleteUser" time="0.754"/>
  <testcase classname="com.apiTesting.test.UserTests" name="testGetUsers" time="0.377"/>
  <testcase classname="com.apiTesting.test.UserTests" name="testLoginUserInvalid" time="0.861"/>
  <testcase classname="com.apiTesting.test.UserTests" name="testLoginUserValid" time="0.812"/>
  <testcase classname="com.apiTesting.test.UserTests" name="testUpdateUser" time="0.873"/>
</testsuite> <!-- API Tests -->
